2026-04-11T19:29:32.230+07:00  INFO 22644 --- [MoneyTransferService] [main] c.e.M.MoneyTransferServiceApplication    : Starting MoneyTransferServiceApplication using Java 25.0.1 with PID 22644 (C:\Users\Guzee\IdeaProjects\MoneyTransferService\target\classes started by Анастасия in C:\Users\Guzee\IdeaProjects\MoneyTransferService)
2026-04-11T19:29:32.238+07:00 DEBUG 22644 --- [MoneyTransferService] [main] c.e.M.MoneyTransferServiceApplication    : Running with Spring Boot v4.0.5, Spring v7.0.6
2026-04-11T19:29:32.238+07:00  INFO 22644 --- [MoneyTransferService] [main] c.e.M.MoneyTransferServiceApplication    : No active profile set, falling back to 1 default profile: "default"
2026-04-11T19:29:33.274+07:00  INFO 22644 --- [MoneyTransferService] [main] o.s.boot.tomcat.TomcatWebServer          : Tomcat initialized with port 8080 (http)
2026-04-11T19:29:33.287+07:00  INFO 22644 --- [MoneyTransferService] [main] o.apache.catalina.core.StandardService   : Starting service [Tomcat]
2026-04-11T19:29:33.288+07:00  INFO 22644 --- [MoneyTransferService] [main] o.apache.catalina.core.StandardEngine    : Starting Servlet engine: [Apache Tomcat/11.0.20]
2026-04-11T19:29:33.345+07:00  INFO 22644 --- [MoneyTransferService] [main] b.w.c.s.WebApplicationContextInitializer : Root WebApplicationContext: initialization completed in 1058 ms
2026-04-11T19:29:33.868+07:00  INFO 22644 --- [MoneyTransferService] [main] o.s.b.a.e.web.EndpointLinksResolver      : Exposing 1 endpoint beneath base path '/actuator'
2026-04-11T19:29:33.936+07:00  INFO 22644 --- [MoneyTransferService] [main] o.s.boot.tomcat.TomcatWebServer          : Tomcat started on port 8080 (http) with context path '/transfer'
2026-04-11T19:29:33.948+07:00  INFO 22644 --- [MoneyTransferService] [main] c.e.M.MoneyTransferServiceApplication    : Started MoneyTransferServiceApplication in 2.238 seconds (process running for 2.67)
2026-04-11T19:30:14.545+07:00  INFO 22644 --- [MoneyTransferService] [SpringApplicationShutdownHook] o.s.boot.tomcat.GracefulShutdown         : Commencing graceful shutdown. Waiting for active requests to complete
2026-04-11T19:30:14.549+07:00  INFO 22644 --- [MoneyTransferService] [tomcat-shutdown] o.s.boot.tomcat.GracefulShutdown         : Graceful shutdown complete
2026-04-11T19:30:23.355+07:00  INFO 5964 --- [MoneyTransferService] [main] c.e.M.MoneyTransferServiceApplication    : Starting MoneyTransferServiceApplication using Java 25.0.1 with PID 5964 (C:\Users\Guzee\IdeaProjects\MoneyTransferService\target\classes started by Анастасия in C:\Users\Guzee\IdeaProjects\MoneyTransferService)
2026-04-11T19:30:23.358+07:00 DEBUG 5964 --- [MoneyTransferService] [main] c.e.M.MoneyTransferServiceApplication    : Running with Spring Boot v4.0.5, Spring v7.0.6
2026-04-11T19:30:23.359+07:00  INFO 5964 --- [MoneyTransferService] [main] c.e.M.MoneyTransferServiceApplication    : No active profile set, falling back to 1 default profile: "default"
2026-04-11T19:30:24.461+07:00  INFO 5964 --- [MoneyTransferService] [main] o.s.boot.tomcat.TomcatWebServer          : Tomcat initialized with port 8080 (http)
2026-04-11T19:30:24.475+07:00  INFO 5964 --- [MoneyTransferService] [main] o.apache.catalina.core.StandardService   : Starting service [Tomcat]
2026-04-11T19:30:24.475+07:00  INFO 5964 --- [MoneyTransferService] [main] o.apache.catalina.core.StandardEngine    : Starting Servlet engine: [Apache Tomcat/11.0.20]
2026-04-11T19:30:24.526+07:00  INFO 5964 --- [MoneyTransferService] [main] b.w.c.s.WebApplicationContextInitializer : Root WebApplicationContext: initialization completed in 1105 ms
2026-04-11T19:30:25.133+07:00  INFO 5964 --- [MoneyTransferService] [main] o.s.b.a.e.web.EndpointLinksResolver      : Exposing 1 endpoint beneath base path '/actuator'
2026-04-11T19:30:25.200+07:00  INFO 5964 --- [MoneyTransferService] [main] o.s.boot.tomcat.TomcatWebServer          : Tomcat started on port 8080 (http) with context path '/transfer'
2026-04-11T19:30:25.209+07:00  INFO 5964 --- [MoneyTransferService] [main] c.e.M.MoneyTransferServiceApplication    : Started MoneyTransferServiceApplication in 2.425 seconds (process running for 3.096)
2026-04-11T19:31:32.845+07:00  INFO 5964 --- [MoneyTransferService] [SpringApplicationShutdownHook] o.s.boot.tomcat.GracefulShutdown         : Commencing graceful shutdown. Waiting for active requests to complete
2026-04-11T19:31:32.852+07:00  INFO 5964 --- [MoneyTransferService] [tomcat-shutdown] o.s.boot.tomcat.GracefulShutdown         : Graceful shutdown complete
2026-04-11T19:32:09.440+07:00  INFO 3256 --- [MoneyTransferService] [main] c.e.M.MoneyTransferServiceApplication    : Starting MoneyTransferServiceApplication using Java 25.0.1 with PID 3256 (C:\Users\Guzee\IdeaProjects\MoneyTransferService\target\classes started by Анастасия in C:\Users\Guzee\IdeaProjects\MoneyTransferService)
2026-04-11T19:32:09.444+07:00 DEBUG 3256 --- [MoneyTransferService] [main] c.e.M.MoneyTransferServiceApplication    : Running with Spring Boot v4.0.5, Spring v7.0.6
2026-04-11T19:32:09.444+07:00  INFO 3256 --- [MoneyTransferService] [main] c.e.M.MoneyTransferServiceApplication    : No active profile set, falling back to 1 default profile: "default"
2026-04-11T19:32:10.510+07:00  INFO 3256 --- [MoneyTransferService] [main] o.s.boot.tomcat.TomcatWebServer          : Tomcat initialized with port 8080 (http)
2026-04-11T19:32:10.525+07:00  INFO 3256 --- [MoneyTransferService] [main] o.apache.catalina.core.StandardService   : Starting service [Tomcat]
2026-04-11T19:32:10.525+07:00  INFO 3256 --- [MoneyTransferService] [main] o.apache.catalina.core.StandardEngine    : Starting Servlet engine: [Apache Tomcat/11.0.20]
2026-04-11T19:32:10.582+07:00  INFO 3256 --- [MoneyTransferService] [main] b.w.c.s.WebApplicationContextInitializer : Root WebApplicationContext: initialization completed in 1080 ms
2026-04-11T19:32:11.157+07:00  INFO 3256 --- [MoneyTransferService] [main] o.s.b.a.e.web.EndpointLinksResolver      : Exposing 1 endpoint beneath base path '/actuator'
2026-04-11T19:32:11.231+07:00  INFO 3256 --- [MoneyTransferService] [main] o.s.boot.tomcat.TomcatWebServer          : Tomcat started on port 8080 (http) with context path '/transfer'
2026-04-11T19:32:11.239+07:00  INFO 3256 --- [MoneyTransferService] [main] c.e.M.MoneyTransferServiceApplication    : Started MoneyTransferServiceApplication in 2.35 seconds (process running for 2.932)
2026-04-11T19:33:15.837+07:00  INFO 3256 --- [MoneyTransferService] [SpringApplicationShutdownHook] o.s.boot.tomcat.GracefulShutdown         : Commencing graceful shutdown. Waiting for active requests to complete
2026-04-11T19:33:15.846+07:00  INFO 3256 --- [MoneyTransferService] [tomcat-shutdown] o.s.boot.tomcat.GracefulShutdown         : Graceful shutdown complete
2026-04-11T19:33:17.692+07:00  INFO 21912 --- [MoneyTransferService] [main] c.e.M.MoneyTransferServiceApplication    : Starting MoneyTransferServiceApplication using Java 25.0.1 with PID 21912 (C:\Users\Guzee\IdeaProjects\MoneyTransferService\target\classes started by Анастасия in C:\Users\Guzee\IdeaProjects\MoneyTransferService)
2026-04-11T19:33:17.696+07:00 DEBUG 21912 --- [MoneyTransferService] [main] c.e.M.MoneyTransferServiceApplication    : Running with Spring Boot v4.0.5, Spring v7.0.6
2026-04-11T19:33:17.697+07:00  INFO 21912 --- [MoneyTransferService] [main] c.e.M.MoneyTransferServiceApplication    : No active profile set, falling back to 1 default profile: "default"
2026-04-11T19:33:18.786+07:00  INFO 21912 --- [MoneyTransferService] [main] o.s.boot.tomcat.TomcatWebServer          : Tomcat initialized with port 8080 (http)
2026-04-11T19:33:18.800+07:00  INFO 21912 --- [MoneyTransferService] [main] o.apache.catalina.core.StandardService   : Starting service [Tomcat]
2026-04-11T19:33:18.801+07:00  INFO 21912 --- [MoneyTransferService] [main] o.apache.catalina.core.StandardEngine    : Starting Servlet engine: [Apache Tomcat/11.0.20]
2026-04-11T19:33:18.854+07:00  INFO 21912 --- [MoneyTransferService] [main] b.w.c.s.WebApplicationContextInitializer : Root WebApplicationContext: initialization completed in 1095 ms
2026-04-11T19:33:19.400+07:00  INFO 21912 --- [MoneyTransferService] [main] o.s.b.a.e.web.EndpointLinksResolver      : Exposing 1 endpoint beneath base path '/actuator'
2026-04-11T19:33:19.465+07:00  INFO 21912 --- [MoneyTransferService] [main] o.s.boot.tomcat.TomcatWebServer          : Tomcat started on port 8080 (http) with context path '/'
2026-04-11T19:33:19.472+07:00  INFO 21912 --- [MoneyTransferService] [main] c.e.M.MoneyTransferServiceApplication    : Started MoneyTransferServiceApplication in 2.399 seconds (process running for 3.034)
2026-04-11T19:33:30.140+07:00  INFO 21912 --- [MoneyTransferService] [http-nio-8080-exec-1] o.a.c.c.C.[Tomcat].[localhost].[/]       : Initializing Spring DispatcherServlet 'dispatcherServlet'
2026-04-11T19:33:30.141+07:00  INFO 21912 --- [MoneyTransferService] [http-nio-8080-exec-1] o.s.web.servlet.DispatcherServlet        : Initializing Servlet 'dispatcherServlet'
2026-04-11T19:33:30.142+07:00  INFO 21912 --- [MoneyTransferService] [http-nio-8080-exec-1] o.s.web.servlet.DispatcherServlet        : Completed initialization in 1 ms
2026-04-11T19:35:23.364+07:00  WARN 21912 --- [MoneyTransferService] [http-nio-8080-exec-4] .w.s.m.s.DefaultHandlerExceptionResolver : Resolved [org.springframework.http.converter.HttpMessageNotReadableException: JSON parse error: Numeric value (2342348800) out of range of `int` (-2147483648 - 2147483647)]
2026-04-11T19:36:14.736+07:00  WARN 21912 --- [MoneyTransferService] [http-nio-8080-exec-6] .w.s.m.s.DefaultHandlerExceptionResolver : Resolved [org.springframework.http.converter.HttpMessageNotReadableException: JSON parse error: Numeric value (2342348800) out of range of `int` (-2147483648 - 2147483647)]
2026-04-11T19:37:15.840+07:00  INFO 21912 --- [MoneyTransferService] [SpringApplicationShutdownHook] o.s.boot.tomcat.GracefulShutdown         : Commencing graceful shutdown. Waiting for active requests to complete
2026-04-11T19:37:15.848+07:00  INFO 21912 --- [MoneyTransferService] [tomcat-shutdown] o.s.boot.tomcat.GracefulShutdown         : Graceful shutdown complete
2026-04-11T19:38:00.071+07:00  INFO 14692 --- [MoneyTransferService] [main] c.e.M.MoneyTransferServiceApplication    : Starting MoneyTransferServiceApplication using Java 25.0.1 with PID 14692 (C:\Users\Guzee\IdeaProjects\MoneyTransferService\target\classes started by Анастасия in C:\Users\Guzee\IdeaProjects\MoneyTransferService)
2026-04-11T19:38:00.074+07:00 DEBUG 14692 --- [MoneyTransferService] [main] c.e.M.MoneyTransferServiceApplication    : Running with Spring Boot v4.0.5, Spring v7.0.6
2026-04-11T19:38:00.074+07:00  INFO 14692 --- [MoneyTransferService] [main] c.e.M.MoneyTransferServiceApplication    : No active profile set, falling back to 1 default profile: "default"
2026-04-11T19:38:01.008+07:00  INFO 14692 --- [MoneyTransferService] [main] o.s.boot.tomcat.TomcatWebServer          : Tomcat initialized with port 8080 (http)
2026-04-11T19:38:01.020+07:00  INFO 14692 --- [MoneyTransferService] [main] o.apache.catalina.core.StandardService   : Starting service [Tomcat]
2026-04-11T19:38:01.020+07:00  INFO 14692 --- [MoneyTransferService] [main] o.apache.catalina.core.StandardEngine    : Starting Servlet engine: [Apache Tomcat/11.0.20]
2026-04-11T19:38:01.075+07:00  INFO 14692 --- [MoneyTransferService] [main] b.w.c.s.WebApplicationContextInitializer : Root WebApplicationContext: initialization completed in 959 ms
2026-04-11T19:38:01.525+07:00  INFO 14692 --- [MoneyTransferService] [main] o.s.b.a.e.web.EndpointLinksResolver      : Exposing 1 endpoint beneath base path '/actuator'
2026-04-11T19:38:01.584+07:00  INFO 14692 --- [MoneyTransferService] [main] o.s.boot.tomcat.TomcatWebServer          : Tomcat started on port 8080 (http) with context path '/'
2026-04-11T19:38:01.595+07:00  INFO 14692 --- [MoneyTransferService] [main] c.e.M.MoneyTransferServiceApplication    : Started MoneyTransferServiceApplication in 1.973 seconds (process running for 2.365)
2026-04-11T19:38:03.950+07:00  INFO 14692 --- [MoneyTransferService] [SpringApplicationShutdownHook] o.s.boot.tomcat.GracefulShutdown         : Commencing graceful shutdown. Waiting for active requests to complete
2026-04-11T19:38:03.955+07:00  INFO 14692 --- [MoneyTransferService] [tomcat-shutdown] o.s.boot.tomcat.GracefulShutdown         : Graceful shutdown complete
2026-04-11T19:38:07.211+07:00  INFO 29580 --- [MoneyTransferService] [main] c.e.M.MoneyTransferServiceApplication    : Starting MoneyTransferServiceApplication using Java 25.0.1 with PID 29580 (C:\Users\Guzee\IdeaProjects\MoneyTransferService\target\classes started by Анастасия in C:\Users\Guzee\IdeaProjects\MoneyTransferService)
2026-04-11T19:38:07.216+07:00 DEBUG 29580 --- [MoneyTransferService] [main] c.e.M.MoneyTransferServiceApplication    : Running with Spring Boot v4.0.5, Spring v7.0.6
2026-04-11T19:38:07.217+07:00  INFO 29580 --- [MoneyTransferService] [main] c.e.M.MoneyTransferServiceApplication    : No active profile set, falling back to 1 default profile: "default"
2026-04-11T19:38:08.370+07:00  INFO 29580 --- [MoneyTransferService] [main] o.s.boot.tomcat.TomcatWebServer          : Tomcat initialized with port 8080 (http)
2026-04-11T19:38:08.385+07:00  INFO 29580 --- [MoneyTransferService] [main] o.apache.catalina.core.StandardService   : Starting service [Tomcat]
2026-04-11T19:38:08.386+07:00  INFO 29580 --- [MoneyTransferService] [main] o.apache.catalina.core.StandardEngine    : Starting Servlet engine: [Apache Tomcat/11.0.20]
2026-04-11T19:38:08.438+07:00  INFO 29580 --- [MoneyTransferService] [main] b.w.c.s.WebApplicationContextInitializer : Root WebApplicationContext: initialization completed in 1153 ms
2026-04-11T19:38:08.979+07:00  INFO 29580 --- [MoneyTransferService] [main] o.s.b.a.e.web.EndpointLinksResolver      : Exposing 1 endpoint beneath base path '/actuator'
2026-04-11T19:38:09.052+07:00  INFO 29580 --- [MoneyTransferService] [main] o.s.boot.tomcat.TomcatWebServer          : Tomcat started on port 8080 (http) with context path '/'
2026-04-11T19:38:09.060+07:00  INFO 29580 --- [MoneyTransferService] [main] c.e.M.MoneyTransferServiceApplication    : Started MoneyTransferServiceApplication in 2.413 seconds (process running for 2.991)
2026-04-11T19:38:17.869+07:00  INFO 29580 --- [MoneyTransferService] [http-nio-8080-exec-2] o.a.c.c.C.[Tomcat].[localhost].[/]       : Initializing Spring DispatcherServlet 'dispatcherServlet'
2026-04-11T19:38:17.870+07:00  INFO 29580 --- [MoneyTransferService] [http-nio-8080-exec-2] o.s.web.servlet.DispatcherServlet        : Initializing Servlet 'dispatcherServlet'
2026-04-11T19:38:17.871+07:00  INFO 29580 --- [MoneyTransferService] [http-nio-8080-exec-2] o.s.web.servlet.DispatcherServlet        : Completed initialization in 1 ms
2026-04-11T19:38:23.751+07:00  INFO 29580 --- [MoneyTransferService] [SpringApplicationShutdownHook] o.s.boot.tomcat.GracefulShutdown         : Commencing graceful shutdown. Waiting for active requests to complete
2026-04-11T19:38:23.757+07:00  INFO 29580 --- [MoneyTransferService] [tomcat-shutdown] o.s.boot.tomcat.GracefulShutdown         : Graceful shutdown complete
2026-04-11T19:38:33.861+07:00  INFO 26768 --- [MoneyTransferService] [main] c.e.M.MoneyTransferServiceApplication    : Starting MoneyTransferServiceApplication using Java 25.0.1 with PID 26768 (C:\Users\Guzee\IdeaProjects\MoneyTransferService\target\classes started by Анастасия in C:\Users\Guzee\IdeaProjects\MoneyTransferService)
2026-04-11T19:38:33.864+07:00 DEBUG 26768 --- [MoneyTransferService] [main] c.e.M.MoneyTransferServiceApplication    : Running with Spring Boot v4.0.5, Spring v7.0.6
2026-04-11T19:38:33.865+07:00  INFO 26768 --- [MoneyTransferService] [main] c.e.M.MoneyTransferServiceApplication    : No active profile set, falling back to 1 default profile: "default"
2026-04-11T19:38:35.067+07:00  INFO 26768 --- [MoneyTransferService] [main] o.s.boot.tomcat.TomcatWebServer          : Tomcat initialized with port 8080 (http)
2026-04-11T19:38:35.081+07:00  INFO 26768 --- [MoneyTransferService] [main] o.apache.catalina.core.StandardService   : Starting service [Tomcat]
2026-04-11T19:38:35.082+07:00  INFO 26768 --- [MoneyTransferService] [main] o.apache.catalina.core.StandardEngine    : Starting Servlet engine: [Apache Tomcat/11.0.20]
2026-04-11T19:38:35.134+07:00  INFO 26768 --- [MoneyTransferService] [main] b.w.c.s.WebApplicationContextInitializer : Root WebApplicationContext: initialization completed in 1175 ms
2026-04-11T19:38:35.710+07:00  INFO 26768 --- [MoneyTransferService] [main] o.s.b.a.e.web.EndpointLinksResolver      : Exposing 1 endpoint beneath base path '/actuator'
2026-04-11T19:38:35.792+07:00  INFO 26768 --- [MoneyTransferService] [main] o.s.boot.tomcat.TomcatWebServer          : Tomcat started on port 8080 (http) with context path '/'
2026-04-11T19:38:35.799+07:00  INFO 26768 --- [MoneyTransferService] [main] c.e.M.MoneyTransferServiceApplication    : Started MoneyTransferServiceApplication in 2.519 seconds (process running for 3.125)
2026-04-11T19:38:39.154+07:00  INFO 26768 --- [MoneyTransferService] [http-nio-8080-exec-1] o.a.c.c.C.[Tomcat].[localhost].[/]       : Initializing Spring DispatcherServlet 'dispatcherServlet'
2026-04-11T19:38:39.155+07:00  INFO 26768 --- [MoneyTransferService] [http-nio-8080-exec-1] o.s.web.servlet.DispatcherServlet        : Initializing Servlet 'dispatcherServlet'
2026-04-11T19:38:39.157+07:00  INFO 26768 --- [MoneyTransferService] [http-nio-8080-exec-1] o.s.web.servlet.DispatcherServlet        : Completed initialization in 2 ms
2026-04-11T19:39:49.589+07:00  INFO 26768 --- [MoneyTransferService] [SpringApplicationShutdownHook] o.s.boot.tomcat.GracefulShutdown         : Commencing graceful shutdown. Waiting for active requests to complete
2026-04-11T19:39:49.596+07:00  INFO 26768 --- [MoneyTransferService] [tomcat-shutdown] o.s.boot.tomcat.GracefulShutdown         : Graceful shutdown complete
2026-04-11T19:40:12.865+07:00  INFO 21500 --- [MoneyTransferService] [main] c.e.M.MoneyTransferServiceApplication    : Starting MoneyTransferServiceApplication using Java 25.0.1 with PID 21500 (C:\Users\Guzee\IdeaProjects\MoneyTransferService\target\classes started by Анастасия in C:\Users\Guzee\IdeaProjects\MoneyTransferService)
2026-04-11T19:40:12.868+07:00 DEBUG 21500 --- [MoneyTransferService] [main] c.e.M.MoneyTransferServiceApplication    : Running with Spring Boot v4.0.5, Spring v7.0.6
2026-04-11T19:40:12.869+07:00  INFO 21500 --- [MoneyTransferService] [main] c.e.M.MoneyTransferServiceApplication    : No active profile set, falling back to 1 default profile: "default"
2026-04-11T19:40:13.981+07:00  INFO 21500 --- [MoneyTransferService] [main] o.s.boot.tomcat.TomcatWebServer          : Tomcat initialized with port 8080 (http)
2026-04-11T19:40:13.996+07:00  INFO 21500 --- [MoneyTransferService] [main] o.apache.catalina.core.StandardService   : Starting service [Tomcat]
2026-04-11T19:40:13.996+07:00  INFO 21500 --- [MoneyTransferService] [main] o.apache.catalina.core.StandardEngine    : Starting Servlet engine: [Apache Tomcat/11.0.20]
2026-04-11T19:40:14.056+07:00  INFO 21500 --- [MoneyTransferService] [main] b.w.c.s.WebApplicationContextInitializer : Root WebApplicationContext: initialization completed in 1125 ms
2026-04-11T19:40:14.619+07:00  INFO 21500 --- [MoneyTransferService] [main] o.s.b.a.e.web.EndpointLinksResolver      : Exposing 1 endpoint beneath base path '/actuator'
2026-04-11T19:40:14.695+07:00  INFO 21500 --- [MoneyTransferService] [main] o.s.boot.tomcat.TomcatWebServer          : Tomcat started on port 8080 (http) with context path '/'
2026-04-11T19:40:14.704+07:00  INFO 21500 --- [MoneyTransferService] [main] c.e.M.MoneyTransferServiceApplication    : Started MoneyTransferServiceApplication in 2.379 seconds (process running for 2.975)
2026-04-11T19:40:34.968+07:00  INFO 21500 --- [MoneyTransferService] [http-nio-8080-exec-2] o.a.c.c.C.[Tomcat].[localhost].[/]       : Initializing Spring DispatcherServlet 'dispatcherServlet'
2026-04-11T19:40:34.969+07:00  INFO 21500 --- [MoneyTransferService] [http-nio-8080-exec-2] o.s.web.servlet.DispatcherServlet        : Initializing Servlet 'dispatcherServlet'
2026-04-11T19:40:34.970+07:00  INFO 21500 --- [MoneyTransferService] [http-nio-8080-exec-2] o.s.web.servlet.DispatcherServlet        : Completed initialization in 1 ms
2026-04-11T19:48:11.862+07:00  INFO 21500 --- [MoneyTransferService] [SpringApplicationShutdownHook] o.s.boot.tomcat.GracefulShutdown         : Commencing graceful shutdown. Waiting for active requests to complete
2026-04-11T19:48:11.869+07:00  INFO 21500 --- [MoneyTransferService] [tomcat-shutdown] o.s.boot.tomcat.GracefulShutdown         : Graceful shutdown complete
2026-04-11T19:48:15.031+07:00  INFO 25812 --- [MoneyTransferService] [main] c.e.M.MoneyTransferServiceApplication    : Starting MoneyTransferServiceApplication using Java 25.0.1 with PID 25812 (C:\Users\Guzee\IdeaProjects\MoneyTransferService\target\classes started by Анастасия in C:\Users\Guzee\IdeaProjects\MoneyTransferService)
2026-04-11T19:48:15.034+07:00 DEBUG 25812 --- [MoneyTransferService] [main] c.e.M.MoneyTransferServiceApplication    : Running with Spring Boot v4.0.5, Spring v7.0.6
2026-04-11T19:48:15.034+07:00  INFO 25812 --- [MoneyTransferService] [main] c.e.M.MoneyTransferServiceApplication    : No active profile set, falling back to 1 default profile: "default"
2026-04-11T19:48:16.128+07:00  INFO 25812 --- [MoneyTransferService] [main] o.s.boot.tomcat.TomcatWebServer          : Tomcat initialized with port 8080 (http)
2026-04-11T19:48:16.145+07:00  INFO 25812 --- [MoneyTransferService] [main] o.apache.catalina.core.StandardService   : Starting service [Tomcat]
2026-04-11T19:48:16.145+07:00  INFO 25812 --- [MoneyTransferService] [main] o.apache.catalina.core.StandardEngine    : Starting Servlet engine: [Apache Tomcat/11.0.20]
2026-04-11T19:48:16.196+07:00  INFO 25812 --- [MoneyTransferService] [main] b.w.c.s.WebApplicationContextInitializer : Root WebApplicationContext: initialization completed in 1105 ms
2026-04-11T19:48:16.743+07:00  INFO 25812 --- [MoneyTransferService] [main] o.s.b.a.e.web.EndpointLinksResolver      : Exposing 1 endpoint beneath base path '/actuator'
2026-04-11T19:48:16.813+07:00  INFO 25812 --- [MoneyTransferService] [main] o.s.boot.tomcat.TomcatWebServer          : Tomcat started on port 8080 (http) with context path '/'
2026-04-11T19:48:16.822+07:00  INFO 25812 --- [MoneyTransferService] [main] c.e.M.MoneyTransferServiceApplication    : Started MoneyTransferServiceApplication in 2.369 seconds (process running for 2.939)
2026-04-11T19:49:10.296+07:00  INFO 25812 --- [MoneyTransferService] [http-nio-8080-exec-1] o.a.c.c.C.[Tomcat].[localhost].[/]       : Initializing Spring DispatcherServlet 'dispatcherServlet'
2026-04-11T19:49:10.296+07:00  INFO 25812 --- [MoneyTransferService] [http-nio-8080-exec-1] o.s.web.servlet.DispatcherServlet        : Initializing Servlet 'dispatcherServlet'
2026-04-11T19:49:10.297+07:00  INFO 25812 --- [MoneyTransferService] [http-nio-8080-exec-1] o.s.web.servlet.DispatcherServlet        : Completed initialization in 1 ms
2026-04-11T19:54:41.533+07:00  INFO 25812 --- [MoneyTransferService] [SpringApplicationShutdownHook] o.s.boot.tomcat.GracefulShutdown         : Commencing graceful shutdown. Waiting for active requests to complete
2026-04-11T19:54:41.541+07:00  INFO 25812 --- [MoneyTransferService] [tomcat-shutdown] o.s.boot.tomcat.GracefulShutdown         : Graceful shutdown complete
2026-04-11T19:54:44.952+07:00  INFO 9944 --- [MoneyTransferService] [main] c.e.M.MoneyTransferServiceApplication    : Starting MoneyTransferServiceApplication using Java 25.0.1 with PID 9944 (C:\Users\Guzee\IdeaProjects\MoneyTransferService\target\classes started by Анастасия in C:\Users\Guzee\IdeaProjects\MoneyTransferService)
2026-04-11T19:54:44.956+07:00 DEBUG 9944 --- [MoneyTransferService] [main] c.e.M.MoneyTransferServiceApplication    : Running with Spring Boot v4.0.5, Spring v7.0.6
2026-04-11T19:54:44.957+07:00  INFO 9944 --- [MoneyTransferService] [main] c.e.M.MoneyTransferServiceApplication    : No active profile set, falling back to 1 default profile: "default"
2026-04-11T19:54:46.069+07:00  INFO 9944 --- [MoneyTransferService] [main] o.s.boot.tomcat.TomcatWebServer          : Tomcat initialized with port 8080 (http)
2026-04-11T19:54:46.084+07:00  INFO 9944 --- [MoneyTransferService] [main] o.apache.catalina.core.StandardService   : Starting service [Tomcat]
2026-04-11T19:54:46.084+07:00  INFO 9944 --- [MoneyTransferService] [main] o.apache.catalina.core.StandardEngine    : Starting Servlet engine: [Apache Tomcat/11.0.20]
2026-04-11T19:54:46.142+07:00  INFO 9944 --- [MoneyTransferService] [main] b.w.c.s.WebApplicationContextInitializer : Root WebApplicationContext: initialization completed in 1126 ms
2026-04-11T19:54:46.672+07:00  INFO 9944 --- [MoneyTransferService] [main] o.s.b.a.e.web.EndpointLinksResolver      : Exposing 1 endpoint beneath base path '/actuator'
2026-04-11T19:54:46.737+07:00  INFO 9944 --- [MoneyTransferService] [main] o.s.boot.tomcat.TomcatWebServer          : Tomcat started on port 8080 (http) with context path '/'
2026-04-11T19:54:46.743+07:00  INFO 9944 --- [MoneyTransferService] [main] c.e.M.MoneyTransferServiceApplication    : Started MoneyTransferServiceApplication in 2.351 seconds (process running for 3.003)
2026-04-11T19:54:55.059+07:00  INFO 9944 --- [MoneyTransferService] [http-nio-8080-exec-1] o.a.c.c.C.[Tomcat].[localhost].[/]       : Initializing Spring DispatcherServlet 'dispatcherServlet'
2026-04-11T19:54:55.059+07:00  INFO 9944 --- [MoneyTransferService] [http-nio-8080-exec-1] o.s.web.servlet.DispatcherServlet        : Initializing Servlet 'dispatcherServlet'
2026-04-11T19:54:55.061+07:00  INFO 9944 --- [MoneyTransferService] [http-nio-8080-exec-1] o.s.web.servlet.DispatcherServlet        : Completed initialization in 1 ms
2026-04-11T20:00:01.457+07:00  INFO 9944 --- [MoneyTransferService] [SpringApplicationShutdownHook] o.s.boot.tomcat.GracefulShutdown         : Commencing graceful shutdown. Waiting for active requests to complete
2026-04-11T20:00:01.469+07:00  INFO 9944 --- [MoneyTransferService] [tomcat-shutdown] o.s.boot.tomcat.GracefulShutdown         : Graceful shutdown complete
2026-04-11T20:00:04.610+07:00  INFO 27844 --- [MoneyTransferService] [main] c.e.M.MoneyTransferServiceApplication    : Starting MoneyTransferServiceApplication using Java 25.0.1 with PID 27844 (C:\Users\Guzee\IdeaProjects\MoneyTransferService\target\classes started by Анастасия in C:\Users\Guzee\IdeaProjects\MoneyTransferService)
2026-04-11T20:00:04.613+07:00 DEBUG 27844 --- [MoneyTransferService] [main] c.e.M.MoneyTransferServiceApplication    : Running with Spring Boot v4.0.5, Spring v7.0.6
2026-04-11T20:00:04.614+07:00  INFO 27844 --- [MoneyTransferService] [main] c.e.M.MoneyTransferServiceApplication    : No active profile set, falling back to 1 default profile: "default"
2026-04-11T20:00:05.675+07:00  INFO 27844 --- [MoneyTransferService] [main] o.s.boot.tomcat.TomcatWebServer          : Tomcat initialized with port 8080 (http)
2026-04-11T20:00:05.689+07:00  INFO 27844 --- [MoneyTransferService] [main] o.apache.catalina.core.StandardService   : Starting service [Tomcat]
2026-04-11T20:00:05.689+07:00  INFO 27844 --- [MoneyTransferService] [main] o.apache.catalina.core.StandardEngine    : Starting Servlet engine: [Apache Tomcat/11.0.20]
2026-04-11T20:00:05.742+07:00  INFO 27844 --- [MoneyTransferService] [main] b.w.c.s.WebApplicationContextInitializer : Root WebApplicationContext: initialization completed in 1071 ms
2026-04-11T20:00:06.284+07:00  INFO 27844 --- [MoneyTransferService] [main] o.s.b.a.e.web.EndpointLinksResolver      : Exposing 1 endpoint beneath base path '/actuator'
2026-04-11T20:00:06.348+07:00  INFO 27844 --- [MoneyTransferService] [main] o.s.boot.tomcat.TomcatWebServer          : Tomcat started on port 8080 (http) with context path '/'
2026-04-11T20:00:06.355+07:00  INFO 27844 --- [MoneyTransferService] [main] c.e.M.MoneyTransferServiceApplication    : Started MoneyTransferServiceApplication in 2.275 seconds (process running for 2.857)
2026-04-11T20:00:12.869+07:00  INFO 27844 --- [MoneyTransferService] [http-nio-8080-exec-1] o.a.c.c.C.[Tomcat].[localhost].[/]       : Initializing Spring DispatcherServlet 'dispatcherServlet'
2026-04-11T20:00:12.870+07:00  INFO 27844 --- [MoneyTransferService] [http-nio-8080-exec-1] o.s.web.servlet.DispatcherServlet        : Initializing Servlet 'dispatcherServlet'
2026-04-11T20:00:12.871+07:00  INFO 27844 --- [MoneyTransferService] [http-nio-8080-exec-1] o.s.web.servlet.DispatcherServlet        : Completed initialization in 1 ms
2026-04-11T20:07:30.765+07:00  INFO 27844 --- [MoneyTransferService] [SpringApplicationShutdownHook] o.s.boot.tomcat.GracefulShutdown         : Commencing graceful shutdown. Waiting for active requests to complete
2026-04-11T20:07:30.772+07:00  INFO 27844 --- [MoneyTransferService] [tomcat-shutdown] o.s.boot.tomcat.GracefulShutdown         : Graceful shutdown complete
2026-04-11T20:07:33.847+07:00  INFO 15352 --- [MoneyTransferService] [main] c.e.M.MoneyTransferServiceApplication    : Starting MoneyTransferServiceApplication using Java 25.0.1 with PID 15352 (C:\Users\Guzee\IdeaProjects\MoneyTransferService\target\classes started by Анастасия in C:\Users\Guzee\IdeaProjects\MoneyTransferService)
2026-04-11T20:07:33.850+07:00 DEBUG 15352 --- [MoneyTransferService] [main] c.e.M.MoneyTransferServiceApplication    : Running with Spring Boot v4.0.5, Spring v7.0.6
2026-04-11T20:07:33.851+07:00  INFO 15352 --- [MoneyTransferService] [main] c.e.M.MoneyTransferServiceApplication    : No active profile set, falling back to 1 default profile: "default"
2026-04-11T20:07:34.992+07:00  INFO 15352 --- [MoneyTransferService] [main] o.s.boot.tomcat.TomcatWebServer          : Tomcat initialized with port 8080 (http)
2026-04-11T20:07:35.006+07:00  INFO 15352 --- [MoneyTransferService] [main] o.apache.catalina.core.StandardService   : Starting service [Tomcat]
2026-04-11T20:07:35.006+07:00  INFO 15352 --- [MoneyTransferService] [main] o.apache.catalina.core.StandardEngine    : Starting Servlet engine: [Apache Tomcat/11.0.20]
2026-04-11T20:07:35.061+07:00  INFO 15352 --- [MoneyTransferService] [main] b.w.c.s.WebApplicationContextInitializer : Root WebApplicationContext: initialization completed in 1151 ms
2026-04-11T20:07:35.612+07:00  INFO 15352 --- [MoneyTransferService] [main] o.s.b.a.e.web.EndpointLinksResolver      : Exposing 1 endpoint beneath base path '/actuator'
2026-04-11T20:07:35.678+07:00  INFO 15352 --- [MoneyTransferService] [main] o.s.boot.tomcat.TomcatWebServer          : Tomcat started on port 8080 (http) with context path '/'
2026-04-11T20:07:35.685+07:00  INFO 15352 --- [MoneyTransferService] [main] c.e.M.MoneyTransferServiceApplication    : Started MoneyTransferServiceApplication in 2.379 seconds (process running for 2.937)
2026-04-11T20:07:43.215+07:00  INFO 15352 --- [MoneyTransferService] [http-nio-8080-exec-1] o.a.c.c.C.[Tomcat].[localhost].[/]       : Initializing Spring DispatcherServlet 'dispatcherServlet'
2026-04-11T20:07:43.215+07:00  INFO 15352 --- [MoneyTransferService] [http-nio-8080-exec-1] o.s.web.servlet.DispatcherServlet        : Initializing Servlet 'dispatcherServlet'
2026-04-11T20:07:43.216+07:00  INFO 15352 --- [MoneyTransferService] [http-nio-8080-exec-1] o.s.web.servlet.DispatcherServlet        : Completed initialization in 1 ms
2026-04-11T20:26:41.226+07:00  INFO 15352 --- [MoneyTransferService] [SpringApplicationShutdownHook] o.s.boot.tomcat.GracefulShutdown         : Commencing graceful shutdown. Waiting for active requests to complete
2026-04-11T20:26:41.233+07:00  INFO 15352 --- [MoneyTransferService] [tomcat-shutdown] o.s.boot.tomcat.GracefulShutdown         : Graceful shutdown complete
2026-04-11T20:27:37.061+07:00  INFO 13304 --- [MoneyTransferService] [main] c.e.M.MoneyTransferServiceApplication    : Starting MoneyTransferServiceApplication using Java 25.0.1 with PID 13304 (C:\Users\Guzee\IdeaProjects\MoneyTransferService\target\classes started by Анастасия in C:\Users\Guzee\IdeaProjects\MoneyTransferService)
2026-04-11T20:27:37.064+07:00 DEBUG 13304 --- [MoneyTransferService] [main] c.e.M.MoneyTransferServiceApplication    : Running with Spring Boot v4.0.5, Spring v7.0.6
2026-04-11T20:27:37.065+07:00  INFO 13304 --- [MoneyTransferService] [main] c.e.M.MoneyTransferServiceApplication    : No active profile set, falling back to 1 default profile: "default"
2026-04-11T20:27:38.029+07:00  INFO 13304 --- [MoneyTransferService] [main] o.s.boot.tomcat.TomcatWebServer          : Tomcat initialized with port 8080 (http)
2026-04-11T20:27:38.041+07:00  INFO 13304 --- [MoneyTransferService] [main] o.apache.catalina.core.StandardService   : Starting service [Tomcat]
2026-04-11T20:27:38.041+07:00  INFO 13304 --- [MoneyTransferService] [main] o.apache.catalina.core.StandardEngine    : Starting Servlet engine: [Apache Tomcat/11.0.20]
2026-04-11T20:27:38.092+07:00  INFO 13304 --- [MoneyTransferService] [main] b.w.c.s.WebApplicationContextInitializer : Root WebApplicationContext: initialization completed in 972 ms
2026-04-11T20:27:38.539+07:00  INFO 13304 --- [MoneyTransferService] [main] o.s.b.a.e.web.EndpointLinksResolver      : Exposing 1 endpoint beneath base path '/actuator'
2026-04-11T20:27:38.596+07:00  INFO 13304 --- [MoneyTransferService] [main] o.s.boot.tomcat.TomcatWebServer          : Tomcat started on port 8080 (http) with context path '/'
2026-04-11T20:27:38.607+07:00  INFO 13304 --- [MoneyTransferService] [main] c.e.M.MoneyTransferServiceApplication    : Started MoneyTransferServiceApplication in 2.014 seconds (process running for 2.398)
2026-04-11T20:28:12.355+07:00  INFO 13304 --- [MoneyTransferService] [http-nio-8080-exec-1] o.a.c.c.C.[Tomcat].[localhost].[/]       : Initializing Spring DispatcherServlet 'dispatcherServlet'
2026-04-11T20:28:12.355+07:00  INFO 13304 --- [MoneyTransferService] [http-nio-8080-exec-1] o.s.web.servlet.DispatcherServlet        : Initializing Servlet 'dispatcherServlet'
2026-04-11T20:28:12.356+07:00  INFO 13304 --- [MoneyTransferService] [http-nio-8080-exec-1] o.s.web.servlet.DispatcherServlet        : Completed initialization in 1 ms
2026-04-11T20:29:48.880+07:00  INFO 13304 --- [MoneyTransferService] [SpringApplicationShutdownHook] o.s.boot.tomcat.GracefulShutdown         : Commencing graceful shutdown. Waiting for active requests to complete
2026-04-11T20:29:48.885+07:00  INFO 13304 --- [MoneyTransferService] [tomcat-shutdown] o.s.boot.tomcat.GracefulShutdown         : Graceful shutdown complete
